<?xml version="1.0" encoding="UTF-8"?>
<!-- Generated by org.testng.reporters.JUnitReportReporter -->
<testsuite hostname="DESKTOP-LJNAPK9" failures="0" tests="1" name="tests.LoginTest" time="0.408" errors="0" timestamp="2025-07-31T17:45:40 IST" skipped="0">
  <testcase classname="tests.LoginTest" name="login" time="0.408"/>
</testsuite> <!-- tests.LoginTest -->
