<?xml version="1.0" encoding="UTF-8"?>
<!-- Generated by org.testng.reporters.JUnitReportReporter -->
<testsuite hostname="DESKTOP-LJNAPK9" failures="0" tests="3" name="tests.HomeTest" time="26.549" errors="0" timestamp="2025-07-10T19:13:53 IST" skipped="0">
  <testcase classname="tests.HomeTest" name="login" time="1.547"/>
  <testcase classname="tests.HomeTest" name="dashboard" time="2.021"/>
  <testcase classname="tests.HomeTest" name="headerVerfication" time="22.981"/>
</testsuite> <!-- tests.HomeTest -->
