<?xml version="1.0" encoding="UTF-8"?>
<!-- Generated by org.testng.reporters.JUnitReportReporter -->
<testsuite hostname="DESKTOP-LJNAPK9" failures="0" tests="4" name="tests.LoginTest" time="74.891" errors="0" timestamp="2025-07-21T14:17:13 IST" skipped="0">
  <testcase classname="tests.LoginTest" name="login" time="14.080"/>
  <testcase classname="tests.LoginTest" name="login" time="16.235"/>
  <testcase classname="tests.LoginTest" name="login" time="19.541"/>
  <testcase classname="tests.LoginTest" name="login" time="25.035"/>
</testsuite> <!-- tests.LoginTest -->
