<?xml version="1.0" encoding="UTF-8"?>
<!-- Generated by org.testng.reporters.JUnitReportReporter -->
<testsuite hostname="DESKTOP-LJNAPK9" failures="0" tests="1" name="tests.HomeTest" time="21.412" errors="0" timestamp="2025-07-31T17:45:40 IST" skipped="0">
  <testcase classname="tests.HomeTest" name="testModuleNavigation" time="21.412"/>
</testsuite> <!-- tests.HomeTest -->
