<?xml version="1.0" encoding="UTF-8"?>
<!-- Generated by org.testng.reporters.JUnitReportReporter -->
<testsuite hostname="DESKTOP-LJNAPK9" failures="0" tests="1" name="tests.LoginTest" time="0.609" errors="0" timestamp="2025-07-28T18:02:47 IST" skipped="0">
  <testcase classname="tests.LoginTest" name="login" time="0.609"/>
</testsuite> <!-- tests.LoginTest -->
