<?xml version="1.0" encoding="UTF-8"?>
<!-- Generated by org.testng.reporters.JUnitReportReporter -->
<testsuite hostname="DESKTOP-LJNAPK9" failures="0" tests="1" name="tests.TestKeyword" time="0.041" errors="0" timestamp="2025-07-08T14:58:08 IST" skipped="0">
  <testcase classname="tests.TestKeyword" name="getKeywordCount" time="0.041"/>
</testsuite> <!-- tests.TestKeyword -->
